build/app/outputs/mapping/release/seeds.txt
uz.gita.my.book.app.book_app.MainActivity
uz.gita.my.book.app.book_app.MainActivity: MainActivity()
...
kotlinx.coroutines.CoroutineStart: kotlinx.coroutines.CoroutineStart valueOf(java.lang.String)
io.flutter.plugin.editing.ImeSyncDeferringInsetsCallback: ImeSyncDeferringInsetsCallback(android.view.View,int,int)
androidx.window.core.Version: int getMajor()
android.support.v4.graphics.drawable.IconCompatParcelizer: androidx.core.graphics.drawable.IconCompat read(androidx.versionedparcelable.VersionedParcel)
androidx.window.layout.ExtensionWindowLayoutInfoBackend$MulticastConsumer: boolean isEmpty()
androidx.window.layout.WindowInfoTrackerDecorator: androidx.window.layout.WindowInfoTracker decorate(androidx.window.layout.WindowInfoTracker)
androidx.window.embedding.ActivityStack: boolean contains(android.app.Activity)
androidx.window.embedding.ExtensionEmbeddingBackend$Companion: ExtensionEmbeddingBackend$Companion(kotlin.jvm.internal.DefaultConstructorMarker)
androidx.window.embedding.ExtensionEmbeddingBackend: void setEmbeddingExtension(androidx.window.embedding.EmbeddingInterfaceCompat)
io.flutter.embedding.android.TransparencyMode: io.flutter.embedding.android.TransparencyMode valueOf(java.lang.String)
androidx.window.layout.FoldingFeature$State: FoldingFeature$State(java.lang.String)
androidx.window.layout.HardwareFoldingFeature: boolean equals(java.lang.Object)
androidx.window.embedding.SplitPairFilter: int hashCode()
androidx.window.layout.SidecarCompat$Companion: SidecarCompat$Companion(kotlin.jvm.internal.DefaultConstructorMarker)
androidx.window.core.Bounds: int getWidth()
androidx.window.embedding.SplitInfo: SplitInfo(androidx.window.embedding.ActivityStack,androidx.window.embedding.ActivityStack,float)
androidx.window.layout.FoldingFeature$Orientation: java.lang.String toString()
androidx.window.layout.SidecarWindowBackend$Companion: androidx.window.layout.SidecarWindowBackend getInstance(android.content.Context)
io.flutter.embedding.engine.FlutterJNI: void onFirstFrame()
io.flutter.embedding.engine.systemchannels.PlatformChannel$HapticFeedbackType: io.flutter.embedding.engine.systemchannels.PlatformChannel$HapticFeedbackType[] values()
androidx.window.layout.ExtensionWindowLayoutInfoBackend: ExtensionWindowLayoutInfoBackend(androidx.window.extensions.layout.WindowLayoutComponent)
io.flutter.embedding.android.FlutterView: void setVisibility(int)
androidx.window.layout.HardwareFoldingFeature$Type: androidx.window.layout.HardwareFoldingFeature$Type access$getHINGE$cp()
io.flutter.embedding.engine.FlutterJNI: void dispatchPointerDataPacket(java.nio.ByteBuffer,int)
androidx.window.embedding.SplitController: java.util.Set getSplitRules()
io.flutter.view.AccessibilityViewEmbedder: java.lang.Integer getRecordFlutterId(android.view.View,android.view.accessibility.AccessibilityRecord)
androidx.window.layout.SidecarCompat$TranslatingCallback: void onDeviceStateChanged(androidx.window.sidecar.SidecarDeviceState)
androidx.window.layout.SidecarCompat: SidecarCompat(android.content.Context)
kotlinx.coroutines.scheduling.CoroutineScheduler$WorkerState: kotlinx.coroutines.scheduling.CoroutineScheduler$WorkerState valueOf(java.lang.String)
androidx.window.layout.FoldingFeature$Orientation$Companion: FoldingFeature$Orientation$Companion(kotlin.jvm.internal.DefaultConstructorMarker)
androidx.window.layout.EmptyDecorator: androidx.window.layout.WindowInfoTracker decorate(androidx.window.layout.WindowInfoTracker)
io.flutter.embedding.engine.FlutterJNI: void nativeUpdateRefreshRate(float)
androidx.window.embedding.SplitInfo: java.lang.String toString()
androidx.window.layout.WindowLayoutInfo: WindowLayoutInfo(java.util.List)
io.flutter.embedding.engine.FlutterJNI: io.flutter.view.FlutterCallbackInformation nativeLookupCallbackInformation(long)
io.flutter.embedding.engine.FlutterJNI: io.flutter.embedding.engine.FlutterOverlaySurface createOverlaySurface()
androidx.window.embedding.SplitController: androidx.window.embedding.SplitController getInstance()