build/app/outputs/mapping/release/mapping.txt
# compiler: R8
# compiler_version: 3.3.70
# min_api: 19
# common_typos_disable
# {"id":"com.android.tools.r8.mapping","version":"2.0"}
# pg_map_id: 140744e
# pg_map_hash: SHA-256 140744ebe014d201f1c4aa7f47678295043ae837f42610ba409b928a6881432e
...
android.view.WindowInsets -> android.view.WindowInsets:
# {"id":"com.android.tools.r8.synthesized"}
    void <clinit>() -> <clinit>
      # {"id":"com.android.tools.r8.synthesized"}
    int getSystemWindowInsetBottom() -> getSystemWindowInsetBottom
      # {"id":"com.android.tools.r8.synthesized"}
    int getSystemWindowInsetLeft() -> getSystemWindowInsetLeft
      # {"id":"com.android.tools.r8.synthesized"}
    int getSystemWindowInsetRight() -> getSystemWindowInsetRight
      # {"id":"com.android.tools.r8.synthesized"}
    int getSystemWindowInsetTop() -> getSystemWindowInsetTop
      # {"id":"com.android.tools.r8.synthesized"}
android.view.WindowInsets$Builder -> android.view.WindowInsets$Builder:
# {"id":"com.android.tools.r8.synthesized"}
    void <clinit>() -> <clinit>
      # {"id":"com.android.tools.r8.synthesized"}
    void <init>(android.view.WindowInsets) -> <init>
      # {"id":"com.android.tools.r8.synthesized"}
    android.view.WindowInsets build() -> build
      # {"id":"com.android.tools.r8.synthesized"}
android.view.WindowInsets$Type -> android.view.WindowInsets$Type:
# {"id":"com.android.tools.r8.synthesized"}
    void <clinit>() -> <clinit>
      # {"id":"com.android.tools.r8.synthesized"}
    int ime() -> ime
      # {"id":"com.android.tools.r8.synthesized"}
    int navigationBars() -> navigationBars
      # {"id":"com.android.tools.r8.synthesized"}
    int statusBars() -> statusBars
      # {"id":"com.android.tools.r8.synthesized"}
    int systemGestures() -> systemGestures
      # {"id":"com.android.tools.r8.synthesized"}
android.view.WindowInsetsAnimation -> android.view.WindowInsetsAnimation:
# {"id":"com.android.tools.r8.synthesized"}
    void <clinit>() -> <clinit>
      # {"id":"com.android.tools.r8.synthesized"}
    int getTypeMask() -> getTypeMask
      # {"id":"com.android.tools.r8.synthesized"}
android.view.WindowInsetsAnimation$Callback -> android.view.WindowInsetsAnimation$Callback:
# {"id":"com.android.tools.r8.synthesized"}
    void <clinit>() -> <clinit>
      # {"id":"com.android.tools.r8.synthesized"}
    void <init>(int) -> <init>
      # {"id":"com.android.tools.r8.synthesized"}
android.view.WindowInsetsController -> android.view.WindowInsetsController:
# {"id":"com.android.tools.r8.synthesized"}
    void <clinit>() -> <clinit>
      # {"id":"com.android.tools.r8.synthesized"}
    void setSystemBarsAppearance(int,int) -> setSystemBarsAppearance
      # {"id":"com.android.tools.r8.synthesized"}
android.view.WindowMetrics -> android.view.WindowMetrics:
# {"id":"com.android.tools.r8.synthesized"}
    void <clinit>() -> <clinit>
      # {"id":"com.android.tools.r8.synthesized"}
    android.graphics.Rect getBounds() -> getBounds
      # {"id":"com.android.tools.r8.synthesized"}
android.view.accessibility.AccessibilityNodeInfo$AccessibilityAction -> android.view.accessibility.AccessibilityNodeInfo$AccessibilityAction:
# {"id":"com.android.tools.r8.synthesized"}
    void <clinit>() -> <clinit>
      # {"id":"com.android.tools.r8.synthesized"}
    void <init>(int,java.lang.CharSequence) -> <init>
      # {"id":"com.android.tools.r8.synthesized"}
android.view.autofill.AutofillManager -> android.view.autofill.AutofillManager:
# {"id":"com.android.tools.r8.synthesized"}
    void <clinit>() -> <clinit>
      # {"id":"com.android.tools.r8.synthesized"}
    void cancel() -> cancel
      # {"id":"com.android.tools.r8.synthesized"}
    void commit() -> commit
      # {"id":"com.android.tools.r8.synthesized"}
    void notifyValueChanged(android.view.View,int,android.view.autofill.AutofillValue) -> notifyValueChanged
      # {"id":"com.android.tools.r8.synthesized"}
    void notifyViewEntered(android.view.View,int,android.graphics.Rect) -> notifyViewEntered
      # {"id":"com.android.tools.r8.synthesized"}
    void notifyViewExited(android.view.View,int) -> notifyViewExited
      # {"id":"com.android.tools.r8.synthesized"}