build/app/outputs/mapping/release/usage.txt
uz.gita.my.book.app.book_app.BuildConfig
uz.gita.my.book.app.book_app.R$attr
uz.gita.my.book.app.book_app.R$color
uz.gita.my.book.app.book_app.R$dimen
uz.gita.my.book.app.book_app.R$drawable
uz.gita.my.book.app.book_app.R$id
uz.gita.my.book.app.book_app.R$integer
uz.gita.my.book.app.book_app.R$layout
uz.gita.my.book.app.book_app.R$mipmap
uz.gita.my.book.app.book_app.R$string
uz.gita.my.book.app.book_app.R$style
uz.gita.my.book.app.book_app.R$styleable
uz.gita.my.book.app.book_app.R
...
androidx.savedstate.SavedStateRegistry$SavedStateProvider
androidx.savedstate.SavedStateRegistry:
    private static final java.lang.String SAVED_COMPONENTS_KEY
    private androidx.arch.core.internal.SafeIterableMap mComponents
    private androidx.savedstate.Recreator$SavedStateProvider mRecreatorProvider
    private boolean mRestored
    private android.os.Bundle mRestoredState
    void <init>()
    public boolean isRestored()
    void performRestore(androidx.lifecycle.Lifecycle,android.os.Bundle)
    void performSave(android.os.Bundle)
    public void registerSavedStateProvider(java.lang.String,androidx.savedstate.SavedStateRegistry$SavedStateProvider)
    public void runOnNextRecreation(java.lang.Class)
    public void unregisterSavedStateProvider(java.lang.String)
androidx.savedstate.SavedStateRegistryController
androidx.tracing.R
androidx.tracing.Trace:
    static final java.lang.String TAG
    private static java.lang.reflect.Method sIsTagEnabledMethod
    private static java.lang.reflect.Method sTraceCounterMethod
    private void <init>()
    public static boolean isEnabled()
    private static boolean isEnabledFallback()
    public static void setCounter(java.lang.String,int)
    private static void setCounterFallback(java.lang.String,int)
androidx.tracing.TraceApi18Impl:
    private void <init>()
androidx.tracing.TraceApi29Impl:
    private void <init>()
    public static void setCounter(java.lang.String,int)
androidx.versionedparcelable.CustomVersionedParcelable:
    public void onPostParceling()
    public void onPreParceling(boolean)
androidx.versionedparcelable.NonParcelField
androidx.versionedparcelable.ParcelField
androidx.versionedparcelable.ParcelImpl:
    public void <init>(androidx.versionedparcelable.VersionedParcelable)
    public androidx.versionedparcelable.VersionedParcelable getVersionedParcel()
androidx.versionedparcelable.ParcelUtils
androidx.versionedparcelable.R
androidx.versionedparcelable.VersionedParcel$1
androidx.versionedparcelable.VersionedParcel$ParcelException
androidx.versionedparcelable.VersionedParcel:
    private static final int EX_BAD_PARCELABLE
    private static final int EX_ILLEGAL_ARGUMENT
    private static final int EX_ILLEGAL_STATE
    private static final int EX_NETWORK_MAIN_THREAD
    private static final int EX_NULL_POINTER
    private static final int EX_PARCELABLE
    private static final int EX_SECURITY
    private static final int EX_UNSUPPORTED_OPERATION
    private static final java.lang.String TAG
    private static final int TYPE_BINDER
    private static final int TYPE_FLOAT
    private static final int TYPE_INTEGER
    private static final int TYPE_PARCELABLE
    private static final int TYPE_SERIALIZABLE
    private static final int TYPE_STRING
    private static final int TYPE_VERSIONED_PARCELABLE
    private java.lang.Exception createException(int,java.lang.String)
    protected static java.lang.Throwable getRootCause(java.lang.Throwable)
    private int getType(java.lang.Object)
    protected java.lang.Object[] readArray(java.lang.Object[])
    public java.lang.Object[] readArray(java.lang.Object[],int)
    protected boolean[] readBooleanArray()
    public boolean[] readBooleanArray(boolean[],int)
    protected abstract android.os.Bundle readBundle()
    public android.os.Bundle readBundle(android.os.Bundle,int)
    public byte readByte(byte,int)
    public char[] readCharArray(char[],int)
    private java.util.Collection readCollection(java.util.Collection)
    protected abstract double readDouble()